RECORD=-42|LINENO=   0|OWNERPARTID= -42|OWNERINDEX= -42|HEADER=Protel for Windows - Schematic Capture Ascii File Version 5.0|WEIGHT=210|
RECORD=31|LINENO=   1|OWNERPARTID= -42|OWNERINDEX= -42|AREACOLOR=16317695|BORDERON=T|CUSTOMMARGINWIDTH=20|CUSTOMX=654|CUSTOMXZONES=6|CUSTOMX_FRAC=50000|CUSTOMY=579|CUSTOMYZONES=4|CUSTOMY_FRAC=25560|DISPLAY_UNIT=4|FONTIDCOUNT=3|FONTNAME1=Verdana|FONTNAME2=Arial|FONTNAME3=Verdana|HOTSPOTGRIDON=T|HOTSPOTGRIDSIZE=4|ISBOC=T|SHEETNUMBERSPACESIZE=4|SHEETSTYLE=17|SIZE1=9|SIZE2=9|SIZE3=9|SNAPGRIDON=T|SNAPGRIDSIZE=10|SYSTEMFONT=1|USECUSTOMSHEET=T|USEMBCS=T|VISIBLEGRIDON=T|VISIBLEGRIDSIZE=10|
RECORD= 1|LINENO=   2|OWNERPARTID= -42|OWNERINDEX= -42|CURRENTPARTID=1|DISPLAYMODE=SOT-23-3_L2.9-W1.6-P1.90-LS2.8-BR|ISMIRRORED=F|LIBREFERENCE=XC6206P332MR|LOCATION.X=80|LOCATION.Y=440|ORIENTATION=0|PARTIDLOCKED=F|SHOWHIDDENPINS=F|TARGETFILENAME=*|UNIQUEID=gge97bf8398a683e6e0|
RECORD=41|LINENO=   3|OWNERPARTID=   0|OWNERINDEX=   2|FONTID=1|ISHIDDEN=T|JUSTIFICATION=0|LOCATION.X=80|LOCATION.Y=440|NAME=BOM_Supplier|ORIENTATION=0|SHOWNAME=F|TEXT=LCSC|
RECORD=41|LINENO=   4|OWNERPARTID=   0|OWNERINDEX=   2|FONTID=1|ISHIDDEN=T|JUSTIFICATION=0|LOCATION.X=80|LOCATION.Y=440|NAME=BOM_Manufacturer|ORIENTATION=0|SHOWNAME=F|TEXT=TOREX|
RECORD=41|LINENO=   5|OWNERPARTID=   0|OWNERINDEX=   2|FONTID=1|ISHIDDEN=T|JUSTIFICATION=0|LOCATION.X=80|LOCATION.Y=440|NAME=BOM_Manufacturer Part|ORIENTATION=0|SHOWNAME=F|TEXT=XC6206P332MR|
RECORD=41|LINENO=   6|OWNERPARTID=   0|OWNERINDEX=   2|FONTID=1|ISHIDDEN=T|JUSTIFICATION=0|LOCATION.X=80|LOCATION.Y=440|NAME=BOM_Supplier Part|ORIENTATION=0|SHOWNAME=F|TEXT=C5446|
RECORD=41|LINENO=   7|OWNERPARTID=   0|OWNERINDEX=   2|FONTID=1|ISHIDDEN=T|JUSTIFICATION=0|LOCATION.X=80|LOCATION.Y=440|NAME=BOM_JLCPCB Part Class|ORIENTATION=0|SHOWNAME=F|TEXT=Basic Part|
RECORD=41|LINENO=   8|OWNERPARTID=   0|OWNERINDEX=   2|FONTID=1|ISHIDDEN=T|JUSTIFICATION=0|LOCATION.X=80|LOCATION.Y=440|NAME=subpart_no|ORIENTATION=0|SHOWNAME=F|TEXT=1|
RECORD=41|LINENO=   9|OWNERPARTID=   0|OWNERINDEX=   2|FONTID=1|ISHIDDEN=T|JUSTIFICATION=0|LOCATION.X=80|LOCATION.Y=440|NAME=spicePre|ORIENTATION=0|SHOWNAME=F|TEXT=U|
RECORD=41|LINENO=  10|OWNERPARTID=   0|OWNERINDEX=   2|FONTID=1|ISHIDDEN=T|JUSTIFICATION=0|LOCATION.X=80|LOCATION.Y=440|NAME=spiceSymbolName|ORIENTATION=0|SHOWNAME=F|TEXT=XC6206P332MR|
RECORD=34|LINENO=  11|OWNERPARTID=   0|OWNERINDEX=   2|FONTID=2|ISHIDDEN=F|JUSTIFICATION=0|LOCATION.X=70|LOCATION.X_FRAC=14000|LOCATION.Y=478|LOCATION.Y_FRAC=99330|NAME=Designator|ORIENTATION=0|SHOWNAME=F|TEXT=U1|
RECORD=41|LINENO=  12|OWNERPARTID=   0|OWNERINDEX=   2|FONTID=2|ISHIDDEN=F|JUSTIFICATION=0|LOCATION.X=70|LOCATION.X_FRAC=14000|LOCATION.Y=470|LOCATION.Y_FRAC=17330|NAME=Comment|ORIENTATION=0|SHOWNAME=F|TEXT=XC6206P332MR|
RECORD=10|LINENO=  13|OWNERPARTID=   2|OWNERINDEX=   2|CORNER.X=100|CORNER.Y=410|CORNERXRADIUS=2|CORNERYRADIUS=2|LINEWIDTH=1|LOCATION.X=60|LOCATION.Y=470|OWNERPARTDISPLAYMODE=0|
RECORD= 2|LINENO=  14|OWNERPARTID=   2|OWNERINDEX=   2|DESIGNATOR=1|ELECTRICAL=4|FONTID=3|LOCATION.X=100|LOCATION.Y=420|NAME=GND|OWNERPARTDISPLAYMODE=0|PINCONGLOMERATE=56|PINLENGTH=20|SYMBOL_INNER=0|SYMBOL_INNEREDGE=0|SYMBOL_OUTER=0|SYMBOL_OUTEREDGE=0|
RECORD= 2|LINENO=  15|OWNERPARTID=   2|OWNERINDEX=   2|DESIGNATOR=3|ELECTRICAL=4|FONTID=3|LOCATION.X=60|LOCATION.Y=440|NAME=Vin|OWNERPARTDISPLAYMODE=0|PINCONGLOMERATE=58|PINLENGTH=20|SYMBOL_INNER=0|SYMBOL_INNEREDGE=0|SYMBOL_OUTER=0|SYMBOL_OUTEREDGE=0|
RECORD= 2|LINENO=  16|OWNERPARTID=   2|OWNERINDEX=   2|DESIGNATOR=2|ELECTRICAL=4|FONTID=3|LOCATION.X=100|LOCATION.Y=460|NAME=Vout|OWNERPARTDISPLAYMODE=0|PINCONGLOMERATE=56|PINLENGTH=20|SYMBOL_INNER=0|SYMBOL_INNEREDGE=0|SYMBOL_OUTER=0|SYMBOL_OUTEREDGE=0|
RECORD=44|LINENO=  17|OWNERPARTID= -42|OWNERINDEX=   2|
RECORD=45|LINENO=  18|OWNERPARTID= -42|OWNERINDEX=  17|DESCRIPTION=|MODELNAME=SOT-23-3_L2.9-W1.6-P1.90-LS2.8-BR|MODELTYPE=PCBLIB|
RECORD= 1|LINENO=  19|OWNERPARTID= -42|OWNERINDEX= -42|CURRENTPARTID=1|DISPLAYMODE=BAT-SMD_MY-2032-12|ISMIRRORED=F|LIBREFERENCE=MY-2032-12|LOCATION.X=155|LOCATION.Y=510|ORIENTATION=0|PARTIDLOCKED=F|SHOWHIDDENPINS=F|TARGETFILENAME=*|UNIQUEID=ggeb4a68a6a01cc183f|
RECORD=41|LINENO=  20|OWNERPARTID=   0|OWNERINDEX=  19|FONTID=1|ISHIDDEN=T|JUSTIFICATION=0|LOCATION.X=155|LOCATION.Y=510|NAME=BOM_Supplier|ORIENTATION=0|SHOWNAME=F|TEXT=LCSC|
RECORD=41|LINENO=  21|OWNERPARTID=   0|OWNERINDEX=  19|FONTID=1|ISHIDDEN=T|JUSTIFICATION=0|LOCATION.X=155|LOCATION.Y=510|NAME=BOM_Supplier Part|ORIENTATION=0|SHOWNAME=F|TEXT=C964833|
RECORD=41|LINENO=  22|OWNERPARTID=   0|OWNERINDEX=  19|%UTF8%TEXT=MYOUNG(美阳)|FONTID=1|ISHIDDEN=T|JUSTIFICATION=0|LOCATION.X=155|LOCATION.Y=510|NAME=BOM_Manufacturer|ORIENTATION=0|SHOWNAME=F|
RECORD=41|LINENO=  23|OWNERPARTID=   0|OWNERINDEX=  19|FONTID=1|ISHIDDEN=T|JUSTIFICATION=0|LOCATION.X=155|LOCATION.Y=510|NAME=BOM_Manufacturer Part|ORIENTATION=0|SHOWNAME=F|TEXT=MY-2032-12|
RECORD=41|LINENO=  24|OWNERPARTID=   0|OWNERINDEX=  19|FONTID=1|ISHIDDEN=T|JUSTIFICATION=0|LOCATION.X=155|LOCATION.Y=510|NAME=Contributor|ORIENTATION=0|SHOWNAME=F|TEXT=LCSC|
RECORD=41|LINENO=  25|OWNERPARTID=   0|OWNERINDEX=  19|FONTID=1|ISHIDDEN=T|JUSTIFICATION=0|LOCATION.X=155|LOCATION.Y=510|NAME=BOM_JLCPCB Part Class|ORIENTATION=0|SHOWNAME=F|TEXT=Extended Part|
RECORD=41|LINENO=  26|OWNERPARTID=   0|OWNERINDEX=  19|FONTID=1|ISHIDDEN=T|JUSTIFICATION=0|LOCATION.X=155|LOCATION.Y=510|NAME=spicePre|ORIENTATION=0|SHOWNAME=F|TEXT=B|
RECORD=41|LINENO=  27|OWNERPARTID=   0|OWNERINDEX=  19|FONTID=1|ISHIDDEN=T|JUSTIFICATION=0|LOCATION.X=155|LOCATION.Y=510|NAME=spiceSymbolName|ORIENTATION=0|SHOWNAME=F|TEXT=MY-2032-12|
RECORD=34|LINENO=  28|OWNERPARTID=   0|OWNERINDEX=  19|FONTID=2|ISHIDDEN=F|JUSTIFICATION=0|LOCATION.X=146|LOCATION.X_FRAC=44000|LOCATION.Y=529|LOCATION.Y_FRAC=53330|NAME=Designator|ORIENTATION=0|SHOWNAME=F|TEXT=BT1|
RECORD=41|LINENO=  29|OWNERPARTID=   0|OWNERINDEX=  19|FONTID=2|ISHIDDEN=F|JUSTIFICATION=0|LOCATION.X=146|LOCATION.X_FRAC=44000|LOCATION.Y=520|LOCATION.Y_FRAC=51330|NAME=Comment|ORIENTATION=0|SHOWNAME=F|TEXT=MY-2032-12|
RECORD= 6|LINENO=  30|OWNERPARTID=   2|OWNERINDEX=  19|ENDLINESHAPE=0|LINESTYLE=0|LINEWIDTH=1|LOCATIONCOUNT=2|OWNERPARTDISPLAYMODE=0|STARTLINESHAPE=0|X1=150|X2=150|Y1=519|Y2=503|
RECORD= 6|LINENO=  31|OWNERPARTID=   2|OWNERINDEX=  19|ENDLINESHAPE=0|LINESTYLE=0|LINEWIDTH=1|LOCATIONCOUNT=2|OWNERPARTDISPLAYMODE=0|STARTLINESHAPE=0|X1=153|X2=153|Y1=515|Y2=506|
RECORD= 6|LINENO=  32|OWNERPARTID=   2|OWNERINDEX=  19|ENDLINESHAPE=0|LINESTYLE=0|LINEWIDTH=1|LOCATIONCOUNT=2|OWNERPARTDISPLAYMODE=0|STARTLINESHAPE=0|X1=156|X2=156|Y1=519|Y2=503|
RECORD= 6|LINENO=  33|OWNERPARTID=   2|OWNERINDEX=  19|ENDLINESHAPE=0|LINESTYLE=0|LINEWIDTH=1|LOCATIONCOUNT=2|OWNERPARTDISPLAYMODE=0|STARTLINESHAPE=0|X1=159|X2=159|Y1=515|Y2=506|
RECORD= 2|LINENO=  34|OWNERPARTID=   2|OWNERINDEX=  19|DESIGNATOR=1|ELECTRICAL=4|FONTID=3|LOCATION.X=150|LOCATION.Y=510|NAME=1|OWNERPARTDISPLAYMODE=0|PINCONGLOMERATE=50|PINLENGTH=15|SYMBOL_INNER=0|SYMBOL_INNEREDGE=0|SYMBOL_OUTER=0|SYMBOL_OUTEREDGE=0|
RECORD= 2|LINENO=  35|OWNERPARTID=   2|OWNERINDEX=  19|DESIGNATOR=2|ELECTRICAL=4|FONTID=3|LOCATION.X=160|LOCATION.Y=510|NAME=2|OWNERPARTDISPLAYMODE=0|PINCONGLOMERATE=48|PINLENGTH=15|SYMBOL_INNER=0|SYMBOL_INNEREDGE=0|SYMBOL_OUTER=0|SYMBOL_OUTEREDGE=0|
RECORD=44|LINENO=  36|OWNERPARTID= -42|OWNERINDEX=  19|
RECORD=45|LINENO=  37|OWNERPARTID= -42|OWNERINDEX=  36|DESCRIPTION=|MODELNAME=BAT-SMD_MY-2032-12|MODELTYPE=PCBLIB|
RECORD= 1|LINENO=  38|OWNERPARTID= -42|OWNERINDEX= -42|CURRENTPARTID=1|DISPLAYMODE=BAT-SMD_MY-2032-12|ISMIRRORED=F|LIBREFERENCE=MY-2032-12|LOCATION.X=255|LOCATION.Y=505|ORIENTATION=0|PARTIDLOCKED=F|SHOWHIDDENPINS=F|TARGETFILENAME=*|UNIQUEID=gge3a69a443cb68490b|
RECORD=41|LINENO=  39|OWNERPARTID=   0|OWNERINDEX=  38|FONTID=1|ISHIDDEN=T|JUSTIFICATION=0|LOCATION.X=255|LOCATION.Y=505|NAME=BOM_Supplier|ORIENTATION=0|SHOWNAME=F|TEXT=LCSC|
RECORD=41|LINENO=  40|OWNERPARTID=   0|OWNERINDEX=  38|FONTID=1|ISHIDDEN=T|JUSTIFICATION=0|LOCATION.X=255|LOCATION.Y=505|NAME=BOM_Supplier Part|ORIENTATION=0|SHOWNAME=F|TEXT=C964833|
RECORD=41|LINENO=  41|OWNERPARTID=   0|OWNERINDEX=  38|%UTF8%TEXT=MYOUNG(美阳)|FONTID=1|ISHIDDEN=T|JUSTIFICATION=0|LOCATION.X=255|LOCATION.Y=505|NAME=BOM_Manufacturer|ORIENTATION=0|SHOWNAME=F|
RECORD=41|LINENO=  42|OWNERPARTID=   0|OWNERINDEX=  38|FONTID=1|ISHIDDEN=T|JUSTIFICATION=0|LOCATION.X=255|LOCATION.Y=505|NAME=BOM_Manufacturer Part|ORIENTATION=0|SHOWNAME=F|TEXT=MY-2032-12|
RECORD=41|LINENO=  43|OWNERPARTID=   0|OWNERINDEX=  38|FONTID=1|ISHIDDEN=T|JUSTIFICATION=0|LOCATION.X=255|LOCATION.Y=505|NAME=Contributor|ORIENTATION=0|SHOWNAME=F|TEXT=LCSC|
RECORD=41|LINENO=  44|OWNERPARTID=   0|OWNERINDEX=  38|FONTID=1|ISHIDDEN=T|JUSTIFICATION=0|LOCATION.X=255|LOCATION.Y=505|NAME=BOM_JLCPCB Part Class|ORIENTATION=0|SHOWNAME=F|TEXT=Extended Part|
RECORD=41|LINENO=  45|OWNERPARTID=   0|OWNERINDEX=  38|FONTID=1|ISHIDDEN=T|JUSTIFICATION=0|LOCATION.X=255|LOCATION.Y=505|NAME=spicePre|ORIENTATION=0|SHOWNAME=F|TEXT=B|
RECORD=41|LINENO=  46|OWNERPARTID=   0|OWNERINDEX=  38|FONTID=1|ISHIDDEN=T|JUSTIFICATION=0|LOCATION.X=255|LOCATION.Y=505|NAME=spiceSymbolName|ORIENTATION=0|SHOWNAME=F|TEXT=MY-2032-12|
RECORD=34|LINENO=  47|OWNERPARTID=   0|OWNERINDEX=  38|FONTID=2|ISHIDDEN=F|JUSTIFICATION=0|LOCATION.X=246|LOCATION.X_FRAC=44000|LOCATION.Y=524|LOCATION.Y_FRAC=53330|NAME=Designator|ORIENTATION=0|SHOWNAME=F|TEXT=BT2|
RECORD=41|LINENO=  48|OWNERPARTID=   0|OWNERINDEX=  38|FONTID=2|ISHIDDEN=F|JUSTIFICATION=0|LOCATION.X=246|LOCATION.X_FRAC=44000|LOCATION.Y=515|LOCATION.Y_FRAC=51330|NAME=Comment|ORIENTATION=0|SHOWNAME=F|TEXT=MY-2032-12|
RECORD= 6|LINENO=  49|OWNERPARTID=   2|OWNERINDEX=  38|ENDLINESHAPE=0|LINESTYLE=0|LINEWIDTH=1|LOCATIONCOUNT=2|OWNERPARTDISPLAYMODE=0|STARTLINESHAPE=0|X1=250|X2=250|Y1=514|Y2=498|
RECORD= 6|LINENO=  50|OWNERPARTID=   2|OWNERINDEX=  38|ENDLINESHAPE=0|LINESTYLE=0|LINEWIDTH=1|LOCATIONCOUNT=2|OWNERPARTDISPLAYMODE=0|STARTLINESHAPE=0|X1=253|X2=253|Y1=510|Y2=501|
RECORD= 6|LINENO=  51|OWNERPARTID=   2|OWNERINDEX=  38|ENDLINESHAPE=0|LINESTYLE=0|LINEWIDTH=1|LOCATIONCOUNT=2|OWNERPARTDISPLAYMODE=0|STARTLINESHAPE=0|X1=256|X2=256|Y1=514|Y2=498|
RECORD= 6|LINENO=  52|OWNERPARTID=   2|OWNERINDEX=  38|ENDLINESHAPE=0|LINESTYLE=0|LINEWIDTH=1|LOCATIONCOUNT=2|OWNERPARTDISPLAYMODE=0|STARTLINESHAPE=0|X1=259|X2=259|Y1=510|Y2=501|
RECORD= 2|LINENO=  53|OWNERPARTID=   2|OWNERINDEX=  38|DESIGNATOR=1|ELECTRICAL=4|FONTID=3|LOCATION.X=250|LOCATION.Y=505|NAME=1|OWNERPARTDISPLAYMODE=0|PINCONGLOMERATE=50|PINLENGTH=15|SYMBOL_INNER=0|SYMBOL_INNEREDGE=0|SYMBOL_OUTER=0|SYMBOL_OUTEREDGE=0|
RECORD= 2|LINENO=  54|OWNERPARTID=   2|OWNERINDEX=  38|DESIGNATOR=2|ELECTRICAL=4|FONTID=3|LOCATION.X=260|LOCATION.Y=505|NAME=2|OWNERPARTDISPLAYMODE=0|PINCONGLOMERATE=48|PINLENGTH=15|SYMBOL_INNER=0|SYMBOL_INNEREDGE=0|SYMBOL_OUTER=0|SYMBOL_OUTEREDGE=0|
RECORD=44|LINENO=  55|OWNERPARTID= -42|OWNERINDEX=  38|
RECORD=45|LINENO=  56|OWNERPARTID= -42|OWNERINDEX=  55|DESCRIPTION=|MODELNAME=BAT-SMD_MY-2032-12|MODELTYPE=PCBLIB|
RECORD= 1|LINENO=  57|OWNERPARTID= -42|OWNERINDEX= -42|CURRENTPARTID=1|DISPLAYMODE=USB-C-SMD_HC-TYPE-C-6P-01A|ISMIRRORED=F|LIBREFERENCE=HC-TYPE-C-6P-01A|LOCATION.X=125|LOCATION.Y=300|ORIENTATION=0|PARTIDLOCKED=F|SHOWHIDDENPINS=F|TARGETFILENAME=*|UNIQUEID=gge949afacd8709dcd0|
RECORD=41|LINENO=  58|OWNERPARTID=   0|OWNERINDEX=  57|FONTID=1|ISHIDDEN=T|JUSTIFICATION=0|LOCATION.X=125|LOCATION.Y=300|NAME=BOM_Supplier|ORIENTATION=0|SHOWNAME=F|TEXT=LCSC|
RECORD=41|LINENO=  59|OWNERPARTID=   0|OWNERINDEX=  57|FONTID=1|ISHIDDEN=T|JUSTIFICATION=0|LOCATION.X=125|LOCATION.Y=300|NAME=BOM_Supplier Part|ORIENTATION=0|SHOWNAME=F|TEXT=C2894893|
RECORD=41|LINENO=  60|OWNERPARTID=   0|OWNERINDEX=  57|%UTF8%TEXT=HCTL(华灿天禄)|FONTID=1|ISHIDDEN=T|JUSTIFICATION=0|LOCATION.X=125|LOCATION.Y=300|NAME=BOM_Manufacturer|ORIENTATION=0|SHOWNAME=F|
RECORD=41|LINENO=  61|OWNERPARTID=   0|OWNERINDEX=  57|FONTID=1|ISHIDDEN=T|JUSTIFICATION=0|LOCATION.X=125|LOCATION.Y=300|NAME=BOM_Manufacturer Part|ORIENTATION=0|SHOWNAME=F|TEXT=HC-TYPE-C-6P-01A|
RECORD=41|LINENO=  62|OWNERPARTID=   0|OWNERINDEX=  57|FONTID=1|ISHIDDEN=T|JUSTIFICATION=0|LOCATION.X=125|LOCATION.Y=300|NAME=Contributor|ORIENTATION=0|SHOWNAME=F|TEXT=LCSC|
RECORD=41|LINENO=  63|OWNERPARTID=   0|OWNERINDEX=  57|FONTID=1|ISHIDDEN=T|JUSTIFICATION=0|LOCATION.X=125|LOCATION.Y=300|NAME=BOM_JLCPCB Part Class|ORIENTATION=0|SHOWNAME=F|TEXT=Extended Part|
RECORD=41|LINENO=  64|OWNERPARTID=   0|OWNERINDEX=  57|FONTID=1|ISHIDDEN=T|JUSTIFICATION=0|LOCATION.X=125|LOCATION.Y=300|NAME=spicePre|ORIENTATION=0|SHOWNAME=F|TEXT=U|
RECORD=41|LINENO=  65|OWNERPARTID=   0|OWNERINDEX=  57|FONTID=1|ISHIDDEN=T|JUSTIFICATION=0|LOCATION.X=125|LOCATION.Y=300|NAME=spiceSymbolName|ORIENTATION=0|SHOWNAME=F|TEXT=HC-TYPE-C-6P-01A|
RECORD=34|LINENO=  66|OWNERPARTID=   0|OWNERINDEX=  57|FONTID=2|ISHIDDEN=F|JUSTIFICATION=0|LOCATION.X=103|LOCATION.X_FRAC=43000|LOCATION.Y=364|LOCATION.Y_FRAC=53330|NAME=Designator|ORIENTATION=0|SHOWNAME=F|TEXT=USB1|
RECORD=41|LINENO=  67|OWNERPARTID=   0|OWNERINDEX=  57|FONTID=2|ISHIDDEN=F|JUSTIFICATION=0|LOCATION.X=103|LOCATION.X_FRAC=43000|LOCATION.Y=355|LOCATION.Y_FRAC=51330|NAME=Comment|ORIENTATION=0|SHOWNAME=F|TEXT=HC-TYPE-C-6P-01A|
RECORD=10|LINENO=  68|OWNERPARTID=   2|OWNERINDEX=  57|CORNER.X=140|CORNER.Y=245|CORNERXRADIUS=2|CORNERYRADIUS=2|LINEWIDTH=1|LOCATION.X=110|LOCATION.Y=355|OWNERPARTDISPLAYMODE=0|
RECORD= 8|LINENO=  69|OWNERPARTID=   2|OWNERINDEX=  57|AREACOLOR=136|ISSOLID=T|LINEWIDTH=1|LOCATION.X=115|LOCATION.Y=350|OWNERPARTDISPLAYMODE=0|RADIUS=1|RADIUS_FRAC=50000|SECONDARYRADIUS=1|SECONDARYRADIUS_FRAC=50000|TRANSPARENT=F|
RECORD= 2|LINENO=  70|OWNERPARTID=   2|OWNERINDEX=  57|DESIGNATOR=1|ELECTRICAL=4|FONTID=3|LOCATION.X=110|LOCATION.Y=345|NAME=1|OWNERPARTDISPLAYMODE=0|PINCONGLOMERATE=58|PINLENGTH=10|SYMBOL_INNER=0|SYMBOL_INNEREDGE=0|SYMBOL_OUTER=0|SYMBOL_OUTEREDGE=0|
RECORD= 2|LINENO=  71|OWNERPARTID=   2|OWNERINDEX=  57|DESIGNATOR=2|ELECTRICAL=4|FONTID=3|LOCATION.X=110|LOCATION.Y=335|NAME=2|OWNERPARTDISPLAYMODE=0|PINCONGLOMERATE=58|PINLENGTH=10|SYMBOL_INNER=0|SYMBOL_INNEREDGE=0|SYMBOL_OUTER=0|SYMBOL_OUTEREDGE=0|
RECORD= 2|LINENO=  72|OWNERPARTID=   2|OWNERINDEX=  57|DESIGNATOR=3|ELECTRICAL=4|FONTID=3|LOCATION.X=110|LOCATION.Y=325|NAME=3|OWNERPARTDISPLAYMODE=0|PINCONGLOMERATE=58|PINLENGTH=10|SYMBOL_INNER=0|SYMBOL_INNEREDGE=0|SYMBOL_OUTER=0|SYMBOL_OUTEREDGE=0|
RECORD= 2|LINENO=  73|OWNERPARTID=   2|OWNERINDEX=  57|DESIGNATOR=4|ELECTRICAL=4|FONTID=3|LOCATION.X=110|LOCATION.Y=315|NAME=4|OWNERPARTDISPLAYMODE=0|PINCONGLOMERATE=58|PINLENGTH=10|SYMBOL_INNER=0|SYMBOL_INNEREDGE=0|SYMBOL_OUTER=0|SYMBOL_OUTEREDGE=0|
RECORD= 2|LINENO=  74|OWNERPARTID=   2|OWNERINDEX=  57|DESIGNATOR=A5|ELECTRICAL=4|FONTID=3|LOCATION.X=110|LOCATION.Y=305|NAME=A5|OWNERPARTDISPLAYMODE=0|PINCONGLOMERATE=58|PINLENGTH=10|SYMBOL_INNER=0|SYMBOL_INNEREDGE=0|SYMBOL_OUTER=0|SYMBOL_OUTEREDGE=0|
RECORD= 2|LINENO=  75|OWNERPARTID=   2|OWNERINDEX=  57|DESIGNATOR=B5|ELECTRICAL=4|FONTID=3|LOCATION.X=110|LOCATION.Y=295|NAME=B5|OWNERPARTDISPLAYMODE=0|PINCONGLOMERATE=58|PINLENGTH=10|SYMBOL_INNER=0|SYMBOL_INNEREDGE=0|SYMBOL_OUTER=0|SYMBOL_OUTEREDGE=0|
RECORD= 2|LINENO=  76|OWNERPARTID=   2|OWNERINDEX=  57|DESIGNATOR=A9|ELECTRICAL=4|FONTID=3|LOCATION.X=110|LOCATION.Y=285|NAME=A9|OWNERPARTDISPLAYMODE=0|PINCONGLOMERATE=58|PINLENGTH=10|SYMBOL_INNER=0|SYMBOL_INNEREDGE=0|SYMBOL_OUTER=0|SYMBOL_OUTEREDGE=0|
RECORD= 2|LINENO=  77|OWNERPARTID=   2|OWNERINDEX=  57|DESIGNATOR=B9|ELECTRICAL=4|FONTID=3|LOCATION.X=110|LOCATION.Y=275|NAME=B9|OWNERPARTDISPLAYMODE=0|PINCONGLOMERATE=58|PINLENGTH=10|SYMBOL_INNER=0|SYMBOL_INNEREDGE=0|SYMBOL_OUTER=0|SYMBOL_OUTEREDGE=0|
RECORD= 2|LINENO=  78|OWNERPARTID=   2|OWNERINDEX=  57|DESIGNATOR=A12|ELECTRICAL=4|FONTID=3|LOCATION.X=110|LOCATION.Y=265|NAME=A12|OWNERPARTDISPLAYMODE=0|PINCONGLOMERATE=58|PINLENGTH=10|SYMBOL_INNER=0|SYMBOL_INNEREDGE=0|SYMBOL_OUTER=0|SYMBOL_OUTEREDGE=0|
RECORD= 2|LINENO=  79|OWNERPARTID=   2|OWNERINDEX=  57|DESIGNATOR=B12|ELECTRICAL=4|FONTID=3|LOCATION.X=110|LOCATION.Y=255|NAME=B12|OWNERPARTDISPLAYMODE=0|PINCONGLOMERATE=58|PINLENGTH=10|SYMBOL_INNER=0|SYMBOL_INNEREDGE=0|SYMBOL_OUTER=0|SYMBOL_OUTEREDGE=0|
RECORD=44|LINENO=  80|OWNERPARTID= -42|OWNERINDEX=  57|
RECORD=45|LINENO=  81|OWNERPARTID= -42|OWNERINDEX=  80|DESCRIPTION=|MODELNAME=USB-C-SMD_HC-TYPE-C-6P-01A|MODELTYPE=PCBLIB|
RECORD= 1|LINENO=  82|OWNERPARTID= -42|OWNERINDEX= -42|CURRENTPARTID=1|DISPLAYMODE=SW-SMD_4P-L5.1-W5.1-P3.70-LS6.5-TL-2|ISMIRRORED=F|LIBREFERENCE=TS-1187A-B-A-B|LOCATION.X=315|LOCATION.Y=285|ORIENTATION=0|PARTIDLOCKED=F|SHOWHIDDENPINS=F|TARGETFILENAME=*|UNIQUEID=gge782deaa62f394d00|
RECORD=41|LINENO=  83|OWNERPARTID=   0|OWNERINDEX=  82|FONTID=1|ISHIDDEN=T|JUSTIFICATION=0|LOCATION.X=315|LOCATION.Y=285|NAME=BOM_Supplier|ORIENTATION=0|SHOWNAME=F|TEXT=LCSC|
RECORD=41|LINENO=  84|OWNERPARTID=   0|OWNERINDEX=  82|FONTID=1|ISHIDDEN=T|JUSTIFICATION=0|LOCATION.X=315|LOCATION.Y=285|NAME=BOM_Supplier Part|ORIENTATION=0|SHOWNAME=F|TEXT=C318884|
RECORD=41|LINENO=  85|OWNERPARTID=   0|OWNERINDEX=  82|FONTID=1|ISHIDDEN=T|JUSTIFICATION=0|LOCATION.X=315|LOCATION.Y=285|NAME=BOM_Manufacturer|ORIENTATION=0|SHOWNAME=F|TEXT=XKB Enterprise|
RECORD=41|LINENO=  86|OWNERPARTID=   0|OWNERINDEX=  82|FONTID=1|ISHIDDEN=T|JUSTIFICATION=0|LOCATION.X=315|LOCATION.Y=285|NAME=BOM_Manufacturer Part|ORIENTATION=0|SHOWNAME=F|TEXT=TS-1187A-B-A-B|
RECORD=41|LINENO=  87|OWNERPARTID=   0|OWNERINDEX=  82|FONTID=1|ISHIDDEN=T|JUSTIFICATION=0|LOCATION.X=315|LOCATION.Y=285|NAME=Contributor|ORIENTATION=0|SHOWNAME=F|TEXT=LCSC|
RECORD=41|LINENO=  88|OWNERPARTID=   0|OWNERINDEX=  82|FONTID=1|ISHIDDEN=T|JUSTIFICATION=0|LOCATION.X=315|LOCATION.Y=285|NAME=BOM_JLCPCB Part Class|ORIENTATION=0|SHOWNAME=F|TEXT=Basic Part|
RECORD=41|LINENO=  89|OWNERPARTID=   0|OWNERINDEX=  82|FONTID=1|ISHIDDEN=T|JUSTIFICATION=0|LOCATION.X=315|LOCATION.Y=285|NAME=spicePre|ORIENTATION=0|SHOWNAME=F|TEXT=S|
RECORD=41|LINENO=  90|OWNERPARTID=   0|OWNERINDEX=  82|FONTID=1|ISHIDDEN=T|JUSTIFICATION=0|LOCATION.X=315|LOCATION.Y=285|NAME=spiceSymbolName|ORIENTATION=0|SHOWNAME=F|TEXT=TS-1187A-B-A-B|
RECORD=34|LINENO=  91|OWNERPARTID=   0|OWNERINDEX=  82|FONTID=2|ISHIDDEN=F|JUSTIFICATION=0|LOCATION.X=304|LOCATION.X_FRAC=89000|LOCATION.Y=314|LOCATION.Y_FRAC=53330|NAME=Designator|ORIENTATION=0|SHOWNAME=F|TEXT=SW1|
RECORD=41|LINENO=  92|OWNERPARTID=   0|OWNERINDEX=  82|FONTID=2|ISHIDDEN=F|JUSTIFICATION=0|LOCATION.X=304|LOCATION.X_FRAC=89000|LOCATION.Y=305|LOCATION.Y_FRAC=51330|NAME=Comment|ORIENTATION=0|SHOWNAME=F|TEXT=TS-1187A-B-A-B|
RECORD= 6|LINENO=  93|OWNERPARTID=   2|OWNERINDEX=  82|ENDLINESHAPE=0|LINESTYLE=0|LINEWIDTH=1|LOCATIONCOUNT=2|OWNERPARTDISPLAYMODE=0|STARTLINESHAPE=0|X1=305|X2=325|Y1=265|Y2=265|
RECORD= 6|LINENO=  94|OWNERPARTID=   2|OWNERINDEX=  82|ENDLINESHAPE=0|LINESTYLE=0|LINEWIDTH=1|LOCATIONCOUNT=2|OWNERPARTDISPLAYMODE=0|STARTLINESHAPE=0|X1=305|X2=325|Y1=295|Y2=295|
RECORD= 8|LINENO=  95|OWNERPARTID=   2|OWNERINDEX=  82|LINEWIDTH=1|LOCATION.X=315|LOCATION.Y=287|OWNERPARTDISPLAYMODE=0|RADIUS=1|RADIUS_FRAC=25000|SECONDARYRADIUS=1|SECONDARYRADIUS_FRAC=25000|TRANSPARENT=F|
RECORD= 8|LINENO=  96|OWNERPARTID=   2|OWNERINDEX=  82|LINEWIDTH=1|LOCATION.X=315|LOCATION.Y=274|OWNERPARTDISPLAYMODE=0|RADIUS=1|RADIUS_FRAC=25000|SECONDARYRADIUS=1|SECONDARYRADIUS_FRAC=25000|TRANSPARENT=F|
RECORD= 6|LINENO=  97|OWNERPARTID=   2|OWNERINDEX=  82|ENDLINESHAPE=0|LINESTYLE=0|LINEWIDTH=1|LOCATIONCOUNT=2|OWNERPARTDISPLAYMODE=0|STARTLINESHAPE=0|X1=315|X2=315|Y1=288|Y2=295|
RECORD= 6|LINENO=  98|OWNERPARTID=   2|OWNERINDEX=  82|ENDLINESHAPE=0|LINESTYLE=0|LINEWIDTH=1|LOCATIONCOUNT=2|OWNERPARTDISPLAYMODE=0|STARTLINESHAPE=0|X1=315|X2=315|Y1=272|Y2=265|
RECORD= 6|LINENO=  99|OWNERPARTID=   2|OWNERINDEX=  82|ENDLINESHAPE=0|LINESTYLE=0|LINEWIDTH=1|LOCATIONCOUNT=2|OWNERPARTDISPLAYMODE=0|STARTLINESHAPE=0|X1=313|X2=310|Y1=288|Y2=275|
RECORD= 2|LINENO= 100|OWNERPARTID=   2|OWNERINDEX=  82|DESIGNATOR=2|ELECTRICAL=4|FONTID=3|LOCATION.X=325|LOCATION.Y=295|NAME=B|OWNERPARTDISPLAYMODE=0|PINCONGLOMERATE=48|PINLENGTH=10|SYMBOL_INNER=0|SYMBOL_INNEREDGE=0|SYMBOL_OUTER=0|SYMBOL_OUTEREDGE=0|
RECORD= 2|LINENO= 101|OWNERPARTID=   2|OWNERINDEX=  82|DESIGNATOR=1|ELECTRICAL=4|FONTID=3|LOCATION.X=305|LOCATION.Y=295|NAME=A|OWNERPARTDISPLAYMODE=0|PINCONGLOMERATE=50|PINLENGTH=10|SYMBOL_INNER=0|SYMBOL_INNEREDGE=0|SYMBOL_OUTER=0|SYMBOL_OUTEREDGE=0|
RECORD= 2|LINENO= 102|OWNERPARTID=   2|OWNERINDEX=  82|DESIGNATOR=4|ELECTRICAL=4|FONTID=3|LOCATION.X=325|LOCATION.Y=265|NAME=D|OWNERPARTDISPLAYMODE=0|PINCONGLOMERATE=48|PINLENGTH=10|SYMBOL_INNER=0|SYMBOL_INNEREDGE=0|SYMBOL_OUTER=0|SYMBOL_OUTEREDGE=0|
RECORD= 2|LINENO= 103|OWNERPARTID=   2|OWNERINDEX=  82|DESIGNATOR=3|ELECTRICAL=4|FONTID=3|LOCATION.X=305|LOCATION.Y=265|NAME=C|OWNERPARTDISPLAYMODE=0|PINCONGLOMERATE=50|PINLENGTH=10|SYMBOL_INNER=0|SYMBOL_INNEREDGE=0|SYMBOL_OUTER=0|SYMBOL_OUTEREDGE=0|
RECORD=44|LINENO= 104|OWNERPARTID= -42|OWNERINDEX=  82|
RECORD=45|LINENO= 105|OWNERPARTID= -42|OWNERINDEX= 104|DESCRIPTION=|MODELNAME=SW-SMD_4P-L5.1-W5.1-P3.70-LS6.5-TL-2|MODELTYPE=PCBLIB|
RECORD= 1|LINENO= 106|OWNERPARTID= -42|OWNERINDEX= -42|CURRENTPARTID=1|DISPLAYMODE=SOT-23-6_L2.9-W1.6-P0.95-LS2.8-BR|ISMIRRORED=F|LIBREFERENCE=SRV05-4-P-T7|LOCATION.X=255|LOCATION.Y=115|ORIENTATION=0|PARTIDLOCKED=F|SHOWHIDDENPINS=F|TARGETFILENAME=*|UNIQUEID=ggea399cf35de991dd8|
RECORD=41|LINENO= 107|OWNERPARTID=   0|OWNERINDEX= 106|FONTID=1|ISHIDDEN=T|JUSTIFICATION=0|LOCATION.X=255|LOCATION.Y=115|NAME=BOM_Supplier|ORIENTATION=0|SHOWNAME=F|TEXT=LCSC|
RECORD=41|LINENO= 108|OWNERPARTID=   0|OWNERINDEX= 106|FONTID=1|ISHIDDEN=T|JUSTIFICATION=0|LOCATION.X=255|LOCATION.Y=115|NAME=BOM_Manufacturer|ORIENTATION=0|SHOWNAME=F|TEXT=PROTEK|
RECORD=41|LINENO= 109|OWNERPARTID=   0|OWNERINDEX= 106|FONTID=1|ISHIDDEN=T|JUSTIFICATION=0|LOCATION.X=255|LOCATION.Y=115|NAME=BOM_Manufacturer Part|ORIENTATION=0|SHOWNAME=F|TEXT=SRV05-4-P-T7|
RECORD=41|LINENO= 110|OWNERPARTID=   0|OWNERINDEX= 106|FONTID=1|ISHIDDEN=T|JUSTIFICATION=0|LOCATION.X=255|LOCATION.Y=115|NAME=BOM_Supplier Part|ORIENTATION=0|SHOWNAME=F|TEXT=C85364|
RECORD=41|LINENO= 111|OWNERPARTID=   0|OWNERINDEX= 106|FONTID=1|ISHIDDEN=T|JUSTIFICATION=0|LOCATION.X=255|LOCATION.Y=115|NAME=BOM_JLCPCB Part Class|ORIENTATION=0|SHOWNAME=F|TEXT=Basic Part|
RECORD=41|LINENO= 112|OWNERPARTID=   0|OWNERINDEX= 106|FONTID=1|ISHIDDEN=T|JUSTIFICATION=0|LOCATION.X=255|LOCATION.Y=115|NAME=spicePre|ORIENTATION=0|SHOWNAME=F|TEXT=T|
RECORD=41|LINENO= 113|OWNERPARTID=   0|OWNERINDEX= 106|FONTID=1|ISHIDDEN=T|JUSTIFICATION=0|LOCATION.X=255|LOCATION.Y=115|NAME=spiceSymbolName|ORIENTATION=0|SHOWNAME=F|TEXT=SRV05-4-P-T7|
RECORD=34|LINENO= 114|OWNERPARTID=   0|OWNERINDEX= 106|FONTID=2|ISHIDDEN=F|JUSTIFICATION=0|LOCATION.X=246|LOCATION.X_FRAC=77000|LOCATION.Y=193|LOCATION.Y_FRAC=90330|NAME=Designator|ORIENTATION=0|SHOWNAME=F|TEXT=TV1|
RECORD=41|LINENO= 115|OWNERPARTID=   0|OWNERINDEX= 106|FONTID=2|ISHIDDEN=F|JUSTIFICATION=0|LOCATION.X=245|LOCATION.X_FRAC=86000|LOCATION.Y=185|LOCATION.Y_FRAC=08330|NAME=Comment|ORIENTATION=0|SHOWNAME=F|TEXT=SRV05-4-P-T7|
RECORD=10|LINENO= 116|OWNERPARTID=   2|OWNERINDEX= 106|AREACOLOR=16777215|CORNER.X=300|CORNER.Y=40|CORNERXRADIUS=2|CORNERYRADIUS=2|ISSOLID=T|LINEWIDTH=1|LOCATION.X=210|LOCATION.Y=185|OWNERPARTDISPLAYMODE=0|
RECORD= 2|LINENO= 117|OWNERPARTID=   2|OWNERINDEX= 106|DESIGNATOR=1|ELECTRICAL=4|FONTID=3|LOCATION.X=300|LOCATION.Y=70|NAME=1|OWNERPARTDISPLAYMODE=0|PINCONGLOMERATE=48|PINLENGTH=20|SYMBOL_INNER=0|SYMBOL_INNEREDGE=0|SYMBOL_OUTER=0|SYMBOL_OUTEREDGE=0|
RECORD= 2|LINENO= 118|OWNERPARTID=   2|OWNERINDEX= 106|DESIGNATOR=2|ELECTRICAL=4|FONTID=3|LOCATION.X=300|LOCATION.Y=110|NAME=2|OWNERPARTDISPLAYMODE=0|PINCONGLOMERATE=48|PINLENGTH=20|SYMBOL_INNER=0|SYMBOL_INNEREDGE=0|SYMBOL_OUTER=0|SYMBOL_OUTEREDGE=0|
RECORD= 2|LINENO= 119|OWNERPARTID=   2|OWNERINDEX= 106|DESIGNATOR=3|ELECTRICAL=4|FONTID=3|LOCATION.X=300|LOCATION.Y=150|NAME=3|OWNERPARTDISPLAYMODE=0|PINCONGLOMERATE=48|PINLENGTH=20|SYMBOL_INNER=0|SYMBOL_INNEREDGE=0|SYMBOL_OUTER=0|SYMBOL_OUTEREDGE=0|
RECORD= 2|LINENO= 120|OWNERPARTID=   2|OWNERINDEX= 106|DESIGNATOR=4|ELECTRICAL=4|FONTID=3|LOCATION.X=210|LOCATION.Y=150|NAME=4|OWNERPARTDISPLAYMODE=0|PINCONGLOMERATE=50|PINLENGTH=20|SYMBOL_INNER=0|SYMBOL_INNEREDGE=0|SYMBOL_OUTER=0|SYMBOL_OUTEREDGE=0|
RECORD= 2|LINENO= 121|OWNERPARTID=   2|OWNERINDEX= 106|DESIGNATOR=5|ELECTRICAL=4|FONTID=3|LOCATION.X=210|LOCATION.Y=110|NAME=5|OWNERPARTDISPLAYMODE=0|PINCONGLOMERATE=50|PINLENGTH=20|SYMBOL_INNER=0|SYMBOL_INNEREDGE=0|SYMBOL_OUTER=0|SYMBOL_OUTEREDGE=0|
RECORD= 6|LINENO= 122|OWNERPARTID=   2|OWNERINDEX= 106|ENDLINESHAPE=0|LINESTYLE=0|LINEWIDTH=1|LOCATIONCOUNT=2|OWNERPARTDISPLAYMODE=0|STARTLINESHAPE=0|X1=290|X2=220|Y1=55|Y2=55|
RECORD= 6|LINENO= 123|OWNERPARTID=   2|OWNERINDEX= 106|ENDLINESHAPE=0|LINESTYLE=0|LINEWIDTH=1|LOCATIONCOUNT=2|OWNERPARTDISPLAYMODE=0|STARTLINESHAPE=0|X1=290|X2=250|Y1=90|Y2=90|
RECORD= 6|LINENO= 124|OWNERPARTID=   2|OWNERINDEX= 106|AREACOLOR=136|ISSOLID=T|LINEWIDTH=1|LOCATIONCOUNT=6|OWNERPARTDISPLAYMODE=0|TRANSPARENT=F|X1=280|X2=270|X3=270|X4=280|X5=280|X6=280|Y1=65|Y2=55|Y3=55|Y4=45|Y5=45|Y6=65|
RECORD= 6|LINENO= 125|OWNERPARTID=   2|OWNERINDEX= 106|ENDLINESHAPE=0|LINESTYLE=0|LINEWIDTH=1|LOCATIONCOUNT=2|OWNERPARTDISPLAYMODE=0|STARTLINESHAPE=0|X1=270|X2=270|Y1=45|Y2=65|
RECORD= 6|LINENO= 126|OWNERPARTID=   2|OWNERINDEX= 106|AREACOLOR=136|ISSOLID=T|LINEWIDTH=1|LOCATIONCOUNT=6|OWNERPARTDISPLAYMODE=0|TRANSPARENT=F|X1=240|X2=230|X3=230|X4=240|X5=240|X6=240|Y1=65|Y2=55|Y3=55|Y4=45|Y5=45|Y6=65|
RECORD= 6|LINENO= 127|OWNERPARTID=   2|OWNERINDEX= 106|ENDLINESHAPE=0|LINESTYLE=0|LINEWIDTH=1|LOCATIONCOUNT=2|OWNERPARTDISPLAYMODE=0|STARTLINESHAPE=0|X1=230|X2=230|Y1=45|Y2=65|
RECORD= 6|LINENO= 128|OWNERPARTID=   2|OWNERINDEX= 106|AREACOLOR=136|ISSOLID=T|LINEWIDTH=1|LOCATIONCOUNT=6|OWNERPARTDISPLAYMODE=0|TRANSPARENT=F|X1=260|X2=250|X3=250|X4=260|X5=260|X6=260|Y1=120|Y2=110|Y3=110|Y4=100|Y5=100|Y6=120|
RECORD= 6|LINENO= 129|OWNERPARTID=   2|OWNERINDEX= 106|ENDLINESHAPE=0|LINESTYLE=0|LINEWIDTH=1|LOCATIONCOUNT=2|OWNERPARTDISPLAYMODE=0|STARTLINESHAPE=0|X1=250|X2=250|Y1=100|Y2=120|
RECORD= 6|LINENO= 130|OWNERPARTID=   2|OWNERINDEX= 106|ENDLINESHAPE=0|LINESTYLE=0|LINEWIDTH=1|LOCATIONCOUNT=2|OWNERPARTDISPLAYMODE=0|STARTLINESHAPE=0|X1=250|X2=253|Y1=120|Y2=120|
RECORD= 2|LINENO= 131|OWNERPARTID=   2|OWNERINDEX= 106|DESIGNATOR=6|ELECTRICAL=4|FONTID=3|LOCATION.X=210|LOCATION.Y=70|NAME=6|OWNERPARTDISPLAYMODE=0|PINCONGLOMERATE=50|PINLENGTH=20|SYMBOL_INNER=0|SYMBOL_INNEREDGE=0|SYMBOL_OUTER=0|SYMBOL_OUTEREDGE=0|
RECORD= 6|LINENO= 132|OWNERPARTID=   2|OWNERINDEX= 106|ENDLINESHAPE=0|LINESTYLE=0|LINEWIDTH=1|LOCATIONCOUNT=2|OWNERPARTDISPLAYMODE=0|STARTLINESHAPE=0|X1=250|X2=220|Y1=90|Y2=90|
RECORD= 6|LINENO= 133|OWNERPARTID=   2|OWNERINDEX= 106|AREACOLOR=136|ISSOLID=T|LINEWIDTH=1|LOCATIONCOUNT=6|OWNERPARTDISPLAYMODE=0|TRANSPARENT=F|X1=240|X2=230|X3=230|X4=240|X5=240|X6=240|Y1=99|Y2=89|Y3=89|Y4=79|Y5=79|Y6=99|
RECORD= 6|LINENO= 134|OWNERPARTID=   2|OWNERINDEX= 106|ENDLINESHAPE=0|LINESTYLE=0|LINEWIDTH=1|LOCATIONCOUNT=2|OWNERPARTDISPLAYMODE=0|STARTLINESHAPE=0|X1=230|X2=230|Y1=79|Y2=99|
RECORD= 6|LINENO= 135|OWNERPARTID=   2|OWNERINDEX= 106|AREACOLOR=136|ISSOLID=T|LINEWIDTH=1|LOCATIONCOUNT=6|OWNERPARTDISPLAYMODE=0|TRANSPARENT=F|X1=280|X2=270|X3=270|X4=280|X5=280|X6=280|Y1=100|Y2=90|Y3=90|Y4=80|Y5=80|Y6=100|
RECORD= 6|LINENO= 136|OWNERPARTID=   2|OWNERINDEX= 106|ENDLINESHAPE=0|LINESTYLE=0|LINEWIDTH=1|LOCATIONCOUNT=2|OWNERPARTDISPLAYMODE=0|STARTLINESHAPE=0|X1=270|X2=270|Y1=80|Y2=100|
RECORD= 6|LINENO= 137|OWNERPARTID=   2|OWNERINDEX= 106|ENDLINESHAPE=0|LINESTYLE=0|LINEWIDTH=1|LOCATIONCOUNT=2|OWNERPARTDISPLAYMODE=0|STARTLINESHAPE=0|X1=247|X2=250|Y1=100|Y2=100|
RECORD= 6|LINENO= 138|OWNERPARTID=   2|OWNERINDEX= 106|ENDLINESHAPE=0|LINESTYLE=0|LINEWIDTH=1|LOCATIONCOUNT=4|OWNERPARTDISPLAYMODE=0|STARTLINESHAPE=0|X1=250|X2=250|X3=250|X4=210|Y1=90|Y2=70|Y3=70|Y4=70|
RECORD= 6|LINENO= 139|OWNERPARTID=   2|OWNERINDEX= 106|ENDLINESHAPE=0|LINESTYLE=0|LINEWIDTH=1|LOCATIONCOUNT=4|OWNERPARTDISPLAYMODE=0|STARTLINESHAPE=0|X1=260|X2=260|X3=260|X4=300|Y1=55|Y2=70|Y3=70|Y4=70|
RECORD= 6|LINENO= 140|OWNERPARTID=   2|OWNERINDEX= 106|ENDLINESHAPE=0|LINESTYLE=0|LINEWIDTH=1|LOCATIONCOUNT=2|OWNERPARTDISPLAYMODE=0|STARTLINESHAPE=0|X1=290|X2=290|Y1=55|Y2=120|
RECORD= 6|LINENO= 141|OWNERPARTID=   2|OWNERINDEX= 106|ENDLINESHAPE=0|LINESTYLE=0|LINEWIDTH=1|LOCATIONCOUNT=2|OWNERPARTDISPLAYMODE=0|STARTLINESHAPE=0|X1=220|X2=220|Y1=55|Y2=120|
RECORD= 6|LINENO= 142|OWNERPARTID=   2|OWNERINDEX= 106|ENDLINESHAPE=0|LINESTYLE=0|LINEWIDTH=1|LOCATIONCOUNT=2|OWNERPARTDISPLAYMODE=0|STARTLINESHAPE=0|X1=245|X2=245|Y1=150|Y2=150|
RECORD= 6|LINENO= 143|OWNERPARTID=   2|OWNERINDEX= 106|ENDLINESHAPE=0|LINESTYLE=0|LINEWIDTH=1|LOCATIONCOUNT=2|OWNERPARTDISPLAYMODE=0|STARTLINESHAPE=0|X1=300|X2=260|Y1=110|Y2=110|
RECORD= 6|LINENO= 144|OWNERPARTID=   2|OWNERINDEX= 106|ENDLINESHAPE=0|LINESTYLE=0|LINEWIDTH=1|LOCATIONCOUNT=2|OWNERPARTDISPLAYMODE=0|STARTLINESHAPE=0|X1=250|X2=220|Y1=110|Y2=110|
RECORD=11|LINENO= 145|OWNERPARTID=   2|OWNERINDEX= 106|ENDANGLE=360|LINEWIDTH=1|LOCATION.X=259|LOCATION.Y=55|OWNERPARTDISPLAYMODE=0|RADIUS=0|RADIUS_FRAC=00100|SECONDARYRADIUS=0|SECONDARYRADIUS_FRAC=00100|STARTANGLE=0|
RECORD=11|LINENO= 146|OWNERPARTID=   2|OWNERINDEX= 106|ENDANGLE=360|LINEWIDTH=1|LOCATION.X=249|LOCATION.Y=90|OWNERPARTDISPLAYMODE=0|RADIUS=0|RADIUS_FRAC=00100|SECONDARYRADIUS=0|SECONDARYRADIUS_FRAC=00100|STARTANGLE=0|
RECORD= 6|LINENO= 147|OWNERPARTID=   2|OWNERINDEX= 106|AREACOLOR=136|ISSOLID=T|LINEWIDTH=1|LOCATIONCOUNT=6|OWNERPARTDISPLAYMODE=0|TRANSPARENT=F|X1=280|X2=270|X3=270|X4=280|X5=280|X6=280|Y1=140|Y2=130|Y3=130|Y4=120|Y5=120|Y6=140|
RECORD= 6|LINENO= 148|OWNERPARTID=   2|OWNERINDEX= 106|ENDLINESHAPE=0|LINESTYLE=0|LINEWIDTH=1|LOCATIONCOUNT=2|OWNERPARTDISPLAYMODE=0|STARTLINESHAPE=0|X1=270|X2=270|Y1=120|Y2=140|
RECORD= 6|LINENO= 149|OWNERPARTID=   2|OWNERINDEX= 106|AREACOLOR=136|ISSOLID=T|LINEWIDTH=1|LOCATIONCOUNT=6|OWNERPARTDISPLAYMODE=0|TRANSPARENT=F|X1=240|X2=230|X3=230|X4=240|X5=240|X6=240|Y1=140|Y2=130|Y3=130|Y4=120|Y5=120|Y6=140|
RECORD= 6|LINENO= 150|OWNERPARTID=   2|OWNERINDEX= 106|ENDLINESHAPE=0|LINESTYLE=0|LINEWIDTH=1|LOCATIONCOUNT=2|OWNERPARTDISPLAYMODE=0|STARTLINESHAPE=0|X1=230|X2=230|Y1=120|Y2=140|
RECORD= 6|LINENO= 151|OWNERPARTID=   2|OWNERINDEX= 106|AREACOLOR=136|ISSOLID=T|LINEWIDTH=1|LOCATIONCOUNT=6|OWNERPARTDISPLAYMODE=0|TRANSPARENT=F|X1=240|X2=230|X3=230|X4=240|X5=240|X6=240|Y1=180|Y2=170|Y3=170|Y4=160|Y5=160|Y6=180|
RECORD= 6|LINENO= 152|OWNERPARTID=   2|OWNERINDEX= 106|ENDLINESHAPE=0|LINESTYLE=0|LINEWIDTH=1|LOCATIONCOUNT=2|OWNERPARTDISPLAYMODE=0|STARTLINESHAPE=0|X1=230|X2=230|Y1=160|Y2=180|
RECORD= 6|LINENO= 153|OWNERPARTID=   2|OWNERINDEX= 106|AREACOLOR=136|ISSOLID=T|LINEWIDTH=1|LOCATIONCOUNT=6|OWNERPARTDISPLAYMODE=0|TRANSPARENT=F|X1=280|X2=270|X3=270|X4=280|X5=280|X6=280|Y1=181|Y2=171|Y3=171|Y4=161|Y5=161|Y6=181|
RECORD= 6|LINENO= 154|OWNERPARTID=   2|OWNERINDEX= 106|ENDLINESHAPE=0|LINESTYLE=0|LINEWIDTH=1|LOCATIONCOUNT=2|OWNERPARTDISPLAYMODE=0|STARTLINESHAPE=0|X1=270|X2=270|Y1=161|Y2=181|
RECORD= 6|LINENO= 155|OWNERPARTID=   2|OWNERINDEX= 106|ENDLINESHAPE=0|LINESTYLE=0|LINEWIDTH=1|LOCATIONCOUNT=2|OWNERPARTDISPLAYMODE=0|STARTLINESHAPE=0|X1=270|X2=240|Y1=130|Y2=130|
RECORD= 6|LINENO= 156|OWNERPARTID=   2|OWNERINDEX= 106|ENDLINESHAPE=0|LINESTYLE=0|LINEWIDTH=1|LOCATIONCOUNT=4|OWNERPARTDISPLAYMODE=0|STARTLINESHAPE=0|X1=280|X2=290|X3=290|X4=290|Y1=130|Y2=130|Y3=130|Y4=120|
RECORD= 6|LINENO= 157|OWNERPARTID=   2|OWNERINDEX= 106|ENDLINESHAPE=0|LINESTYLE=0|LINEWIDTH=1|LOCATIONCOUNT=4|OWNERPARTDISPLAYMODE=0|STARTLINESHAPE=0|X1=230|X2=220|X3=220|X4=220|Y1=130|Y2=130|Y3=130|Y4=120|
RECORD= 6|LINENO= 158|OWNERPARTID=   2|OWNERINDEX= 106|ENDLINESHAPE=0|LINESTYLE=0|LINEWIDTH=1|LOCATIONCOUNT=4|OWNERPARTDISPLAYMODE=0|STARTLINESHAPE=0|X1=290|X2=290|X3=290|X4=280|Y1=130|Y2=170|Y3=170|Y4=170|
RECORD= 6|LINENO= 159|OWNERPARTID=   2|OWNERINDEX= 106|ENDLINESHAPE=0|LINESTYLE=0|LINEWIDTH=1|LOCATIONCOUNT=2|OWNERPARTDISPLAYMODE=0|STARTLINESHAPE=0|X1=270|X2=240|Y1=170|Y2=170|
RECORD= 6|LINENO= 160|OWNERPARTID=   2|OWNERINDEX= 106|ENDLINESHAPE=0|LINESTYLE=0|LINEWIDTH=1|LOCATIONCOUNT=4|OWNERPARTDISPLAYMODE=0|STARTLINESHAPE=0|X1=230|X2=220|X3=220|X4=220|Y1=170|Y2=170|Y3=170|Y4=130|
RECORD= 6|LINENO= 161|OWNERPARTID=   2|OWNERINDEX= 106|ENDLINESHAPE=0|LINESTYLE=0|LINEWIDTH=1|LOCATIONCOUNT=2|OWNERPARTDISPLAYMODE=0|STARTLINESHAPE=0|X1=220|X2=210|Y1=110|Y2=110|
RECORD= 8|LINENO= 162|OWNERPARTID=   2|OWNERINDEX= 106|LINEWIDTH=1|LOCATION.X=290|LOCATION.Y=90|OWNERPARTDISPLAYMODE=0|RADIUS=1|SECONDARYRADIUS=1|TRANSPARENT=F|
RECORD= 8|LINENO= 163|OWNERPARTID=   2|OWNERINDEX= 106|LINEWIDTH=1|LOCATION.X=220|LOCATION.Y=90|OWNERPARTDISPLAYMODE=0|RADIUS=1|SECONDARYRADIUS=1|TRANSPARENT=F|
RECORD= 8|LINENO= 164|OWNERPARTID=   2|OWNERINDEX= 106|LINEWIDTH=1|LOCATION.X=290|LOCATION.Y=130|OWNERPARTDISPLAYMODE=0|RADIUS=1|SECONDARYRADIUS=1|TRANSPARENT=F|
RECORD= 8|LINENO= 165|OWNERPARTID=   2|OWNERINDEX= 106|LINEWIDTH=1|LOCATION.X=220|LOCATION.Y=130|OWNERPARTDISPLAYMODE=0|RADIUS=1|SECONDARYRADIUS=1|TRANSPARENT=F|
RECORD= 8|LINENO= 166|OWNERPARTID=   2|OWNERINDEX= 106|LINEWIDTH=1|LOCATION.X=260|LOCATION.Y=130|OWNERPARTDISPLAYMODE=0|RADIUS=1|SECONDARYRADIUS=1|TRANSPARENT=F|
RECORD= 6|LINENO= 167|OWNERPARTID=   2|OWNERINDEX= 106|ENDLINESHAPE=0|LINESTYLE=0|LINEWIDTH=1|LOCATIONCOUNT=4|OWNERPARTDISPLAYMODE=0|STARTLINESHAPE=0|X1=260|X2=260|X3=260|X4=300|Y1=130|Y2=150|Y3=150|Y4=150|
RECORD= 6|LINENO= 168|OWNERPARTID=   2|OWNERINDEX= 106|ENDLINESHAPE=0|LINESTYLE=0|LINEWIDTH=1|LOCATIONCOUNT=4|OWNERPARTDISPLAYMODE=0|STARTLINESHAPE=0|X1=250|X2=250|X3=250|X4=220|Y1=170|Y2=150|Y3=150|Y4=150|
RECORD= 6|LINENO= 169|OWNERPARTID=   2|OWNERINDEX= 106|ENDLINESHAPE=0|LINESTYLE=0|LINEWIDTH=1|LOCATIONCOUNT=2|OWNERPARTDISPLAYMODE=0|STARTLINESHAPE=0|X1=220|X2=210|Y1=150|Y2=150|
RECORD= 8|LINENO= 170|OWNERPARTID=   2|OWNERINDEX= 106|LINEWIDTH=1|LOCATION.X=250|LOCATION.Y=170|OWNERPARTDISPLAYMODE=0|RADIUS=1|SECONDARYRADIUS=1|TRANSPARENT=F|
RECORD= 8|LINENO= 171|OWNERPARTID=   2|OWNERINDEX= 106|LINEWIDTH=1|LOCATION.X=260|LOCATION.Y=55|OWNERPARTDISPLAYMODE=0|RADIUS=1|SECONDARYRADIUS=1|TRANSPARENT=F|
RECORD= 8|LINENO= 172|OWNERPARTID=   2|OWNERINDEX= 106|LINEWIDTH=1|LOCATION.X=250|LOCATION.Y=90|OWNERPARTDISPLAYMODE=0|RADIUS=1|SECONDARYRADIUS=1|TRANSPARENT=F|
RECORD= 8|LINENO= 173|OWNERPARTID=   2|OWNERINDEX= 106|LINEWIDTH=1|LOCATION.X=290|LOCATION.Y=110|OWNERPARTDISPLAYMODE=0|RADIUS=1|SECONDARYRADIUS=1|TRANSPARENT=F|
RECORD= 8|LINENO= 174|OWNERPARTID=   2|OWNERINDEX= 106|LINEWIDTH=1|LOCATION.X=220|LOCATION.Y=110|OWNERPARTDISPLAYMODE=0|RADIUS=1|SECONDARYRADIUS=1|TRANSPARENT=F|
RECORD=44|LINENO= 175|OWNERPARTID= -42|OWNERINDEX= 106|
RECORD=45|LINENO= 176|OWNERPARTID= -42|OWNERINDEX= 175|DESCRIPTION=|MODELNAME=SOT-23-6_L2.9-W1.6-P0.95-LS2.8-BR|MODELTYPE=PCBLIB|
RECORD= 1|LINENO= 177|OWNERPARTID= -42|OWNERINDEX= -42|CURRENTPARTID=1|DISPLAYMODE=BULETM-SMD_ESPRESSIF_ESP32-C3-WROOM-02-N4-4MB|ISMIRRORED=F|LIBREFERENCE=ESP32-C3-WROOM-02-N4(4MB)|LOCATION.X=520|LOCATION.Y=195|ORIENTATION=0|PARTIDLOCKED=F|SHOWHIDDENPINS=F|TARGETFILENAME=*|UNIQUEID=gged68fe1ca4e7d230b|
RECORD=41|LINENO= 178|OWNERPARTID=   0|OWNERINDEX= 177|FONTID=1|ISHIDDEN=T|JUSTIFICATION=0|LOCATION.X=520|LOCATION.Y=195|NAME=BOM_Supplier|ORIENTATION=0|SHOWNAME=F|TEXT=LCSC|
RECORD=41|LINENO= 179|OWNERPARTID=   0|OWNERINDEX= 177|FONTID=1|ISHIDDEN=T|JUSTIFICATION=0|LOCATION.X=520|LOCATION.Y=195|NAME=BOM_Supplier Part|ORIENTATION=0|SHOWNAME=F|TEXT=C2934560|
RECORD=41|LINENO= 180|OWNERPARTID=   0|OWNERINDEX= 177|%UTF8%TEXT=ESPRESSIF 乐鑫|FONTID=1|ISHIDDEN=T|JUSTIFICATION=0|LOCATION.X=520|LOCATION.Y=195|NAME=BOM_Manufacturer|ORIENTATION=0|SHOWNAME=F|
RECORD=41|LINENO= 181|OWNERPARTID=   0|OWNERINDEX= 177|FONTID=1|ISHIDDEN=T|JUSTIFICATION=0|LOCATION.X=520|LOCATION.Y=195|NAME=BOM_Manufacturer Part|ORIENTATION=0|SHOWNAME=F|TEXT=ESP32-C3-WROOM-02-N4(4MB)|
RECORD=41|LINENO= 182|OWNERPARTID=   0|OWNERINDEX= 177|FONTID=1|ISHIDDEN=T|JUSTIFICATION=0|LOCATION.X=520|LOCATION.Y=195|NAME=Contributor|ORIENTATION=0|SHOWNAME=F|TEXT=LCSC|
RECORD=41|LINENO= 183|OWNERPARTID=   0|OWNERINDEX= 177|FONTID=1|ISHIDDEN=T|JUSTIFICATION=0|LOCATION.X=520|LOCATION.Y=195|NAME=BOM_JLCPCB Part Class|ORIENTATION=0|SHOWNAME=F|TEXT=Extended Part|
RECORD=41|LINENO= 184|OWNERPARTID=   0|OWNERINDEX= 177|FONTID=1|ISHIDDEN=T|JUSTIFICATION=0|LOCATION.X=520|LOCATION.Y=195|NAME=spicePre|ORIENTATION=0|SHOWNAME=F|TEXT=U|
RECORD=41|LINENO= 185|OWNERPARTID=   0|OWNERINDEX= 177|FONTID=1|ISHIDDEN=T|JUSTIFICATION=0|LOCATION.X=520|LOCATION.Y=195|NAME=spiceSymbolName|ORIENTATION=0|SHOWNAME=F|TEXT=ESP32-C3-WROOM-02-N4(4MB)|
RECORD=34|LINENO= 186|OWNERPARTID=   0|OWNERINDEX= 177|FONTID=2|ISHIDDEN=F|JUSTIFICATION=0|LOCATION.X=514|LOCATION.X_FRAC=30000|LOCATION.Y=258|LOCATION.Y_FRAC=99330|NAME=Designator|ORIENTATION=0|SHOWNAME=F|TEXT=U2|
RECORD=41|LINENO= 187|OWNERPARTID=   0|OWNERINDEX= 177|FONTID=2|ISHIDDEN=F|JUSTIFICATION=0|LOCATION.X=514|LOCATION.X_FRAC=30000|LOCATION.Y=250|LOCATION.Y_FRAC=17330|NAME=Comment|ORIENTATION=0|SHOWNAME=F|TEXT=ESP32-C3-WROOM-02-N4(4MB)|
RECORD= 2|LINENO= 188|OWNERPARTID=   2|OWNERINDEX= 177|DESIGNATOR=19|ELECTRICAL=4|FONTID=3|LOCATION.X=550|LOCATION.Y=240|NAME=EP|OWNERPARTDISPLAYMODE=0|PINCONGLOMERATE=56|PINLENGTH=10|SYMBOL_INNER=0|SYMBOL_INNEREDGE=0|SYMBOL_OUTER=0|SYMBOL_OUTEREDGE=0|
RECORD= 2|LINENO= 189|OWNERPARTID=   2|OWNERINDEX= 177|DESIGNATOR=18|ELECTRICAL=4|FONTID=3|LOCATION.X=550|LOCATION.Y=230|NAME=IO0|OWNERPARTDISPLAYMODE=0|PINCONGLOMERATE=56|PINLENGTH=10|SYMBOL_INNER=0|SYMBOL_INNEREDGE=0|SYMBOL_OUTER=0|SYMBOL_OUTEREDGE=0|
RECORD= 2|LINENO= 190|OWNERPARTID=   2|OWNERINDEX= 177|DESIGNATOR=17|ELECTRICAL=4|FONTID=3|LOCATION.X=550|LOCATION.Y=220|NAME=IO1|OWNERPARTDISPLAYMODE=0|PINCONGLOMERATE=56|PINLENGTH=10|SYMBOL_INNER=0|SYMBOL_INNEREDGE=0|SYMBOL_OUTER=0|SYMBOL_OUTEREDGE=0|
RECORD= 2|LINENO= 191|OWNERPARTID=   2|OWNERINDEX= 177|DESIGNATOR=16|ELECTRICAL=4|FONTID=3|LOCATION.X=550|LOCATION.Y=210|NAME=IO2|OWNERPARTDISPLAYMODE=0|PINCONGLOMERATE=56|PINLENGTH=10|SYMBOL_INNER=0|SYMBOL_INNEREDGE=0|SYMBOL_OUTER=0|SYMBOL_OUTEREDGE=0|
RECORD= 2|LINENO= 192|OWNERPARTID=   2|OWNERINDEX= 177|DESIGNATOR=15|ELECTRICAL=4|FONTID=3|LOCATION.X=550|LOCATION.Y=200|NAME=IO3|OWNERPARTDISPLAYMODE=0|PINCONGLOMERATE=56|PINLENGTH=10|SYMBOL_INNER=0|SYMBOL_INNEREDGE=0|SYMBOL_OUTER=0|SYMBOL_OUTEREDGE=0|
RECORD= 2|LINENO= 193|OWNERPARTID=   2|OWNERINDEX= 177|DESIGNATOR=14|ELECTRICAL=4|FONTID=3|LOCATION.X=550|LOCATION.Y=190|NAME=IO19|OWNERPARTDISPLAYMODE=0|PINCONGLOMERATE=56|PINLENGTH=10|SYMBOL_INNER=0|SYMBOL_INNEREDGE=0|SYMBOL_OUTER=0|SYMBOL_OUTEREDGE=0|
RECORD= 2|LINENO= 194|OWNERPARTID=   2|OWNERINDEX= 177|DESIGNATOR=13|ELECTRICAL=4|FONTID=3|LOCATION.X=550|LOCATION.Y=180|NAME=IO18|OWNERPARTDISPLAYMODE=0|PINCONGLOMERATE=56|PINLENGTH=10|SYMBOL_INNER=0|SYMBOL_INNEREDGE=0|SYMBOL_OUTER=0|SYMBOL_OUTEREDGE=0|
RECORD= 2|LINENO= 195|OWNERPARTID=   2|OWNERINDEX= 177|DESIGNATOR=12|ELECTRICAL=4|FONTID=3|LOCATION.X=550|LOCATION.Y=170|NAME=TXD|OWNERPARTDISPLAYMODE=0|PINCONGLOMERATE=56|PINLENGTH=10|SYMBOL_INNER=0|SYMBOL_INNEREDGE=0|SYMBOL_OUTER=0|SYMBOL_OUTEREDGE=0|
RECORD= 2|LINENO= 196|OWNERPARTID=   2|OWNERINDEX= 177|DESIGNATOR=11|ELECTRICAL=4|FONTID=3|LOCATION.X=550|LOCATION.Y=160|NAME=RXD|OWNERPARTDISPLAYMODE=0|PINCONGLOMERATE=56|PINLENGTH=10|SYMBOL_INNER=0|SYMBOL_INNEREDGE=0|SYMBOL_OUTER=0|SYMBOL_OUTEREDGE=0|
RECORD= 2|LINENO= 197|OWNERPARTID=   2|OWNERINDEX= 177|DESIGNATOR=10|ELECTRICAL=4|FONTID=3|LOCATION.X=550|LOCATION.Y=150|NAME=IO10|OWNERPARTDISPLAYMODE=0|PINCONGLOMERATE=56|PINLENGTH=10|SYMBOL_INNER=0|SYMBOL_INNEREDGE=0|SYMBOL_OUTER=0|SYMBOL_OUTEREDGE=0|
RECORD= 2|LINENO= 198|OWNERPARTID=   2|OWNERINDEX= 177|DESIGNATOR=9|ELECTRICAL=4|FONTID=3|LOCATION.X=490|LOCATION.X_FRAC=00000|LOCATION.Y=150|LOCATION.Y_FRAC=00000|NAME=GND|OWNERPARTDISPLAYMODE=0|PINCONGLOMERATE=58|PINLENGTH=10|SYMBOL_INNER=0|SYMBOL_INNEREDGE=0|SYMBOL_OUTER=0|SYMBOL_OUTEREDGE=0|
RECORD= 2|LINENO= 199|OWNERPARTID=   2|OWNERINDEX= 177|DESIGNATOR=8|ELECTRICAL=4|FONTID=3|LOCATION.X=490|LOCATION.X_FRAC=00000|LOCATION.Y=160|LOCATION.Y_FRAC=00000|NAME=IO9|OWNERPARTDISPLAYMODE=0|PINCONGLOMERATE=58|PINLENGTH=10|SYMBOL_INNER=0|SYMBOL_INNEREDGE=0|SYMBOL_OUTER=0|SYMBOL_OUTEREDGE=0|
RECORD= 2|LINENO= 200|OWNERPARTID=   2|OWNERINDEX= 177|DESIGNATOR=7|ELECTRICAL=4|FONTID=3|LOCATION.X=490|LOCATION.X_FRAC=00000|LOCATION.Y=170|LOCATION.Y_FRAC=00000|NAME=IO8|OWNERPARTDISPLAYMODE=0|PINCONGLOMERATE=58|PINLENGTH=10|SYMBOL_INNER=0|SYMBOL_INNEREDGE=0|SYMBOL_OUTER=0|SYMBOL_OUTEREDGE=0|
RECORD= 2|LINENO= 201|OWNERPARTID=   2|OWNERINDEX= 177|DESIGNATOR=6|ELECTRICAL=4|FONTID=3|LOCATION.X=490|LOCATION.X_FRAC=00000|LOCATION.Y=180|LOCATION.Y_FRAC=00000|NAME=IO7|OWNERPARTDISPLAYMODE=0|PINCONGLOMERATE=58|PINLENGTH=10|SYMBOL_INNER=0|SYMBOL_INNEREDGE=0|SYMBOL_OUTER=0|SYMBOL_OUTEREDGE=0|
RECORD= 2|LINENO= 202|OWNERPARTID=   2|OWNERINDEX= 177|DESIGNATOR=5|ELECTRICAL=4|FONTID=3|LOCATION.X=490|LOCATION.X_FRAC=00000|LOCATION.Y=190|LOCATION.Y_FRAC=00000|NAME=IO6|OWNERPARTDISPLAYMODE=0|PINCONGLOMERATE=58|PINLENGTH=10|SYMBOL_INNER=0|SYMBOL_INNEREDGE=0|SYMBOL_OUTER=0|SYMBOL_OUTEREDGE=0|
RECORD= 2|LINENO= 203|OWNERPARTID=   2|OWNERINDEX= 177|DESIGNATOR=4|ELECTRICAL=4|FONTID=3|LOCATION.X=490|LOCATION.X_FRAC=00000|LOCATION.Y=200|NAME=IO5|OWNERPARTDISPLAYMODE=0|PINCONGLOMERATE=58|PINLENGTH=10|SYMBOL_INNER=0|SYMBOL_INNEREDGE=0|SYMBOL_OUTER=0|SYMBOL_OUTEREDGE=0|
RECORD= 2|LINENO= 204|OWNERPARTID=   2|OWNERINDEX= 177|DESIGNATOR=3|ELECTRICAL=4|FONTID=3|LOCATION.X=490|LOCATION.X_FRAC=00000|LOCATION.Y=210|NAME=IO4|OWNERPARTDISPLAYMODE=0|PINCONGLOMERATE=58|PINLENGTH=10|SYMBOL_INNER=0|SYMBOL_INNEREDGE=0|SYMBOL_OUTER=0|SYMBOL_OUTEREDGE=0|
RECORD= 2|LINENO= 205|OWNERPARTID=   2|OWNERINDEX= 177|DESIGNATOR=2|ELECTRICAL=4|FONTID=3|LOCATION.X=490|LOCATION.Y=220|NAME=EN|OWNERPARTDISPLAYMODE=0|PINCONGLOMERATE=58|PINLENGTH=10|SYMBOL_INNER=0|SYMBOL_INNEREDGE=0|SYMBOL_OUTER=0|SYMBOL_OUTEREDGE=0|
RECORD= 2|LINENO= 206|OWNERPARTID=   2|OWNERINDEX= 177|DESIGNATOR=1|ELECTRICAL=4|FONTID=3|LOCATION.X=490|LOCATION.Y=230|NAME=3V3|OWNERPARTDISPLAYMODE=0|PINCONGLOMERATE=58|PINLENGTH=10|SYMBOL_INNER=0|SYMBOL_INNEREDGE=0|SYMBOL_OUTER=0|SYMBOL_OUTEREDGE=0|
RECORD= 8|LINENO= 207|OWNERPARTID=   2|OWNERINDEX= 177|AREACOLOR=136|ISSOLID=T|LINEWIDTH=1|LOCATION.X=495|LOCATION.Y=245|OWNERPARTDISPLAYMODE=0|RADIUS=1|RADIUS_FRAC=50000|SECONDARYRADIUS=1|SECONDARYRADIUS_FRAC=50000|TRANSPARENT=F|
RECORD=10|LINENO= 208|OWNERPARTID=   2|OWNERINDEX= 177|CORNER.X=550|CORNER.Y=140|CORNERXRADIUS=2|CORNERYRADIUS=2|LINEWIDTH=1|LOCATION.X=490|LOCATION.Y=250|OWNERPARTDISPLAYMODE=0|
RECORD=44|LINENO= 209|OWNERPARTID= -42|OWNERINDEX= 177|
RECORD=45|LINENO= 210|OWNERPARTID= -42|OWNERINDEX= 209|DESCRIPTION=|MODELNAME=BULETM-SMD_ESPRESSIF_ESP32-C3-WROOM-02-N4-4MB|MODELTYPE=PCBLIB|
RECORD=-42|LINENO= 211|OWNERPARTID= -42|OWNERINDEX= -42|HEADER=Icon storage|
RECORD=-42|LINENO= 212|OWNERPARTID= -42|OWNERINDEX= -42|HEADER=Protel for Windows - Schematic Capture Ascii File Version 5.0|
